[debug] [2020-01-06T13:32:41.257Z] ----------------------------------------------------------------------
[debug] [2020-01-06T13:32:41.261Z] Command:       C:\Program Files\nodejs\node.exe C:\Users\dell\AppData\Roaming\npm\node_modules\firebase-tools\lib\bin\firebase.js serve
[debug] [2020-01-06T13:32:41.261Z] CLI Version:   7.9.0
[debug] [2020-01-06T13:32:41.261Z] Platform:      win32
[debug] [2020-01-06T13:32:41.261Z] Node Version:  v10.16.3
[debug] [2020-01-06T13:32:41.264Z] Time:          Mon Jan 06 2020 11:32:41 GMT-0200 (GMT-02:00)
[debug] [2020-01-06T13:32:41.264Z] ----------------------------------------------------------------------
[debug] [2020-01-06T13:32:41.264Z] 
[debug] [2020-01-06T13:32:41.281Z] > command requires scopes: ["email","openid","https://www.googleapis.com/auth/cloudplatformprojects.readonly","https://www.googleapis.com/auth/firebase","https://www.googleapis.com/auth/cloud-platform"]
[debug] [2020-01-06T13:32:41.282Z] > authorizing via signed-in user
[debug] [2020-01-06T13:32:41.282Z] [iam] checking project rede-social-lab-2e315 for permissions ["firebase.projects.get"]
[debug] [2020-01-06T13:32:41.285Z] >>> HTTP REQUEST POST https://cloudresourcemanager.googleapis.com/v1/projects/rede-social-lab-2e315:testIamPermissions  

[debug] [2020-01-06T13:32:42.394Z] <<< HTTP RESPONSE 200
[debug] [2020-01-06T13:32:42.399Z] >>> HTTP REQUEST GET https://firebase.googleapis.com/v1beta1/projects/rede-social-lab-2e315  
 
[debug] [2020-01-06T13:32:43.708Z] <<< HTTP RESPONSE 200
[info] 
[info] === Serving from 'C:\Users\dell\Desktop\sap003-burger-queen'...
[info] 
[debug] [2020-01-06T13:32:43.717Z] >>> HTTP REQUEST GET https://firebase.googleapis.com/v1beta1/projects/rede-social-lab-2e315/webApps/-/config  
 
[debug] [2020-01-06T13:32:45.027Z] <<< HTTP RESPONSE 200
[info] i  hosting: Serving hosting files from: public
[info] +  hosting: Local server: http://localhost:5000
